<?xml version="1.0" encoding="UTF-8"?>
<!-- Generated by org.testng.reporters.JUnitReportReporter -->
<testsuite hostname="3WNR5Y2" name="se.doctrin.tests.CareerPageTest" tests="2" failures="0" timestamp="15 Jun 2020 16:56:51 GMT" time="2.914" errors="0">
  <testcase name="getNameAndTitle" time="0.880" classname="se.doctrin.tests.CareerPageTest"/>
  <testcase name="getNameAndTitle" time="2.034" classname="se.doctrin.tests.CareerPageTest"/>
</testsuite> <!-- se.doctrin.tests.CareerPageTest -->
